<?xml version="1.0" encoding="UTF-8"?>
<!-- Generated by org.testng.reporters.JUnitXMLReporter -->
<testsuite ignored="1" hostname="Sai" failures="0" tests="1" name="Test" time="62.249" errors="0" timestamp="2025-12-23T17:51:52 IST">
  <testcase classname="com.crm.comcast.orgtest.Createorg" name="createOrgwith_Industries" time="49.764"/>
  <testcase classname="com.crm.comcast.orgtest.Createorg" name="createOrg" time="0.0">
    <ignored/>
  </testcase> <!-- createOrg -->
</testsuite> <!-- Test -->
