<?xml version="1.0" encoding="UTF-8"?>
<!-- Generated by org.testng.reporters.JUnitXMLReporter -->
<testsuite ignored="0" hostname="Sai" failures="2" tests="2" name="Test1" time="12.989" errors="0" timestamp="2025-12-19T17:31:03 IST">
  <testcase classname="testngpractice.InvoiceTest" name="Innvoice" time="0.025">
    <failure type="java.lang.AssertionError" message="expected [Login] but found [Admin123@ Administrator1 - Home - vtiger CRM 5 - Commercial Open Source CRM]">
      <![CDATA[java.lang.AssertionError: expected [Login] but found [Admin123@ Administrator1 - Home - vtiger CRM 5 - Commercial Open Source CRM]
at testngpractice.InvoiceTest.Innvoice(InvoiceTest.java:19)
at java.base/java.util.ArrayList.forEach(ArrayList.java:1596)
... Removed 31 stack frames]]>
    </failure>
  </testcase> <!-- Innvoice -->
  <testcase classname="testngpractice.InvoiceTest" name="createinnovoicewithContactTest" time="0.007">
    <failure type="java.lang.AssertionError" message="expected [Login] but found [vtiger CRM 5 - Commercial Open Source CRM]">
      <![CDATA[java.lang.AssertionError: expected [Login] but found [vtiger CRM 5 - Commercial Open Source CRM]
at testngpractice.InvoiceTest.createinnovoicewithContactTest(InvoiceTest.java:30)
at java.base/java.util.ArrayList.forEach(ArrayList.java:1596)
... Removed 31 stack frames]]>
    </failure>
  </testcase> <!-- createinnovoicewithContactTest -->
</testsuite> <!-- Test1 -->
