<?xml version="1.0" encoding="UTF-8"?>
<!-- Generated by org.testng.reporters.JUnitReportReporter -->
<testsuite hostname="Sai" failures="0" tests="3" name="testngpractice.CreateContactTest" time="0.009" errors="0" timestamp="2025-12-17T13:01:48 IST" skipped="0">
  <testcase classname="testngpractice.CreateContactTest" name="createContact" time="0.007"/>
  <testcase classname="testngpractice.CreateContactTest" name="delete" time="0.001"/>
  <testcase classname="testngpractice.CreateContactTest" name="modifyContact" time="0.001"/>
</testsuite> <!-- testngpractice.CreateContactTest -->
