<?xml version="1.0" encoding="UTF-8"?>
<!-- Generated by org.testng.reporters.JUnitReportReporter -->
<testsuite hostname="Sai" failures="0" tests="3" name="testngpractice.DataProviderAmazon" time="28.934" errors="0" timestamp="2025-12-17T18:30:04 IST" skipped="0">
  <testcase classname="testngpractice.DataProviderAmazon" name="enter" time="7.838"/>
  <testcase classname="testngpractice.DataProviderAmazon" name="enter" time="7.832"/>
  <testcase classname="testngpractice.DataProviderAmazon" name="enter" time="13.264"/>
</testsuite> <!-- testngpractice.DataProviderAmazon -->
