<?xml version="1.0" encoding="UTF-8"?>
<!-- Generated by org.testng.reporters.JUnitReportReporter -->
<testsuite hostname="Sai" failures="0" tests="1" name="homepagetest.RealSeleniumValidation" time="13.881" errors="0" timestamp="2025-12-19T12:50:41 IST" skipped="0">
  <testcase classname="homepagetest.RealSeleniumValidation" name="validate" time="13.881">
    <system-out>
      <![CDATA[create contact
Deepak_438]]>
    </system-out>
  </testcase> <!-- validate -->
  <system-out>
    <![CDATA[create contact
Deepak_438]]>
  </system-out>
</testsuite> <!-- homepagetest.RealSeleniumValidation -->
