<?xml version="1.0" encoding="UTF-8"?>
<!-- Generated by org.testng.reporters.JUnitReportReporter -->
<testsuite hostname="Sai" failures="0" tests="3" name="testngpractice.CrateContactWithaData_Provider" time="0.012" errors="0" timestamp="2025-12-17T16:02:22 IST" skipped="0">
  <testcase classname="testngpractice.CrateContactWithaData_Provider" name="createContactTest" time="0.010"/>
  <testcase classname="testngpractice.CrateContactWithaData_Provider" name="createContactTest" time="0.001"/>
  <testcase classname="testngpractice.CrateContactWithaData_Provider" name="createContactTest" time="0.001"/>
</testsuite> <!-- testngpractice.CrateContactWithaData_Provider -->
