<?xml version="1.0" encoding="UTF-8"?>
<!-- Generated by org.testng.reporters.JUnitReportReporter -->
<testsuite hostname="Sai" failures="0" tests="3" name="testngpractice.CreateContactTest" time="0.006" errors="0" timestamp="2025-12-18T15:32:05 IST" skipped="0">
  <testcase classname="testngpractice.CreateContactTest" name="delete" time="0.001"/>
  <system-out/>
  <testcase classname="testngpractice.CreateContactTest" name="createContact" time="0.004"/>
  <system-out/>
  <testcase classname="testngpractice.CreateContactTest" name="modifyContact" time="0.001"/>
  <system-out/>
</testsuite> <!-- testngpractice.CreateContactTest -->
