<?xml version="1.0" encoding="UTF-8"?>
<!-- Generated by org.testng.reporters.JUnitXMLReporter -->
<testsuite ignored="0" hostname="Sai" failures="1" tests="6" name="Surefire test" time="0.065" errors="0" timestamp="2025-12-18T15:32:05 IST">
  <testcase classname="testngpractice.CreateContactTest" name="createContact" time="0.004"/>
  <testcase classname="testngpractice.CreateContactTest" name="delete" time="0.001"/>
  <testcase classname="testngpractice.CreateContactTest" name="modifyContact" time="0.001"/>
  <testcase classname="testngpractice.Testng1" name="tc1" time="0.0"/>
  <testcase classname="testngpractice.Testng1" name="tc3" time="0.004">
    <failure type="java.lang.AssertionError" message="null">
      <![CDATA[java.lang.AssertionError: null
at testngpractice.Testng1.tc3(Testng1.java:21)
at java.base/java.util.ArrayList.forEach(ArrayList.java:1596)
... Removed 32 stack frames]]>
    </failure>
  </testcase> <!-- tc3 -->
  <testcase classname="testngpractice.Testng1" name="tc2" time="0.0">
    <skipped/>
  </testcase> <!-- tc2 -->
</testsuite> <!-- Surefire test -->
